automotive/build/intermediates/manifest_merge_blame_file/debug/manifest-merger-blame-debug-report.txt
1<?xml version="1.0" encoding="utf-8"?>
2<!--
3  ~ Copyright 2019 Google LLC
4  ~
5  ~ Licensed under the Apache License, Version 2.0 (the "License");
6  ~ you may not use this file except in compliance with the License.
7  ~ You may obtain a copy of the License at
8  ~
9  ~     https://www.apache.org/licenses/LICENSE-2.0
10  ~
11  ~ Unless required by applicable law or agreed to in writing, software
12  ~ distributed under the License is distributed on an "AS IS" BASIS,
13  ~ WITHOUT WARRANTIES OR CONDITIONS OF ANY KIND, either express or implied.
14  ~ See the License for the specific language governing permissions and
15  ~ limitations under the License.
16-->
17<manifest xmlns:android="http://schemas.android.com/apk/res/android"
18    package="com.example.android.uamp.next"
19    android:versionCode="1"
20    android:versionName="1.0" >
21
22    <uses-sdk
22-->src/main/AndroidManifest.xml:31:5-54
23        android:minSdkVersion="21"
23-->src/main/AndroidManifest.xml:31:5-54
24        android:targetSdkVersion="30" />
24-->src/main/AndroidManifest.xml:31:5-54
25
26    <!--
27    Since this module contains code exclusive to Android Automotive, require the feature here.
28
29    If you were mixing projected and automotive code, then the feature should not be marked
30    as required.
31    -->
32    <uses-feature
32-->src/main/AndroidManifest.xml:27:5-29:35
33        android:name="android.hardware.type.automotive"
33-->src/main/AndroidManifest.xml:28:9-56
34        android:required="true" />
34-->src/main/AndroidManifest.xml:29:9-32
35    <uses-feature
35-->src/main/AndroidManifest.xml:33:5-35:36
36        android:name="android.hardware.wifi"
36-->src/main/AndroidManifest.xml:34:9-45
37        android:required="false" />
37-->src/main/AndroidManifest.xml:35:9-33
38    <uses-feature
38-->src/main/AndroidManifest.xml:36:5-38:36
39        android:name="android.hardware.screen.portrait"
39-->src/main/AndroidManifest.xml:37:9-56
40        android:required="false" />
40-->src/main/AndroidManifest.xml:38:9-33
41    <uses-feature
41-->src/main/AndroidManifest.xml:39:5-41:36
42        android:name="android.hardware.screen.landscape"
42-->src/main/AndroidManifest.xml:40:9-57
43        android:required="false" />
43-->src/main/AndroidManifest.xml:41:9-33
44
45    <uses-permission android:name="android.permission.FOREGROUND_SERVICE" />
45-->[:common] AndroidManifest.xml:26:5-77
45-->[:common] AndroidManifest.xml:26:22-74
46    <uses-permission android:name="android.permission.INTERNET" />
46-->[:common] AndroidManifest.xml:27:5-67
46-->[:common] AndroidManifest.xml:27:22-64
47    <uses-permission android:name="android.permission.ACCESS_NETWORK_STATE" />
47-->[com.google.android.exoplayer:exoplayer-core:2.11.5] AndroidManifest.xml:24:5-79
47-->[com.google.android.exoplayer:exoplayer-core:2.11.5] AndroidManifest.xml:24:22-76
48
49    <application
49-->src/main/AndroidManifest.xml:43:5-89:19
50        android:allowBackup="true"
50-->src/main/AndroidManifest.xml:44:9-35
51        android:appCategory="audio"
51-->src/main/AndroidManifest.xml:45:9-36
52        android:appComponentFactory="androidx.core.app.CoreComponentFactory"
52-->[androidx.core:core:1.3.1] AndroidManifest.xml:24:18-86
53        android:debuggable="true"
54        android:icon="@mipmap/ic_launcher"
54-->src/main/AndroidManifest.xml:46:9-43
55        android:label="@string/app_name"
55-->src/main/AndroidManifest.xml:47:9-41
56        android:roundIcon="@mipmap/ic_launcher_round"
56-->src/main/AndroidManifest.xml:48:9-54
57        android:supportsRtl="true"
57-->src/main/AndroidManifest.xml:49:9-35
58        android:testOnly="true"
59        android:theme="@style/AppTheme" >
59-->src/main/AndroidManifest.xml:50:9-40
60        <meta-data
60-->src/main/AndroidManifest.xml:53:9-55:59
61            android:name="com.android.automotive"
61-->src/main/AndroidManifest.xml:54:13-50
62            android:resource="@xml/automotive_app_desc" />
62-->src/main/AndroidManifest.xml:55:13-56
63
64        <activity
64-->src/main/AndroidManifest.xml:57:9-63:20
65            android:name="com.example.android.uamp.automotive.SignInActivity"
65-->src/main/AndroidManifest.xml:58:13-43
66            android:exported="true" >
66-->src/main/AndroidManifest.xml:59:13-36
67            <intent-filter>
67-->src/main/AndroidManifest.xml:60:13-62:29
68                <action android:name="android.intent.action.ACTION_SIGN_IN" />
68-->src/main/AndroidManifest.xml:61:17-79
68-->src/main/AndroidManifest.xml:61:25-76
69            </intent-filter>
70        </activity>
71
72        <!-- Car compatible theme must use minSDK24 -->
73        <activity
73-->src/main/AndroidManifest.xml:66:9-73:20
74            android:name="com.example.android.uamp.automotive.SettingsActivity"
74-->src/main/AndroidManifest.xml:67:13-45
75            android:label="@string/settings_label"
75-->src/main/AndroidManifest.xml:68:13-51
76            android:theme="@style/AppTheme.Drawer" >
76-->src/main/AndroidManifest.xml:69:13-51
77            <intent-filter>
77-->src/main/AndroidManifest.xml:70:13-72:29
78                <action android:name="android.intent.action.APPLICATION_PREFERENCES" />
78-->src/main/AndroidManifest.xml:71:17-88
78-->src/main/AndroidManifest.xml:71:25-85
79            </intent-filter>
80        </activity>
81
82        <!--
83        Declare the MediaBrowserService which supports Android Automotive specific
84        extensions.
85        -->
86        <service
86-->src/main/AndroidManifest.xml:79:9-88:19
87            android:name="com.example.android.uamp.automotive.AutomotiveMusicService"
87-->src/main/AndroidManifest.xml:80:13-51
88            android:enabled="true"
88-->src/main/AndroidManifest.xml:81:13-35
89            android:exported="true" >
89-->src/main/AndroidManifest.xml:82:13-36
90            <intent-filter>
90-->src/main/AndroidManifest.xml:85:13-87:29
91                <action android:name="android.media.browse.MediaBrowserService" />
91-->src/main/AndroidManifest.xml:86:17-83
91-->src/main/AndroidManifest.xml:86:25-80
92            </intent-filter>
93        </service>
94        <!--
95             MediaSession, prior to API 21, uses a broadcast receiver to communicate with a
96             media session. It does not have to be this broadcast receiver, but it must
97             handle the action "android.intent.action.MEDIA_BUTTON".
98
99             Additionally, this is used to resume the service from an inactive state upon
100             receiving a media button event (such as "play").
101        -->
102        <receiver android:name="androidx.media.session.MediaButtonReceiver" >
102-->[:common] AndroidManifest.xml:39:9-43:20
102-->[:common] AndroidManifest.xml:39:19-76
103            <intent-filter>
103-->[:common] AndroidManifest.xml:40:13-42:29
104                <action android:name="android.intent.action.MEDIA_BUTTON" />
104-->[:common] AndroidManifest.xml:41:17-77
104-->[:common] AndroidManifest.xml:41:25-74
105            </intent-filter>
106        </receiver>
107
108        <provider
108-->[:common] AndroidManifest.xml:45:9-48:39
109            android:name="com.example.android.uamp.media.library.AlbumArtContentProvider"
109-->[:common] AndroidManifest.xml:46:13-90
110            android:authorities="com.example.android.uamp.media.library.provider"
110-->[:common] AndroidManifest.xml:47:13-82
111            android:exported="true" />
111-->[:common] AndroidManifest.xml:48:13-36
112
113        <receiver
113-->[com.google.android.gms:play-services-cast-framework:18.1.0] AndroidManifest.xml:10:9-12:40
114            android:name="com.google.android.gms.cast.framework.media.MediaIntentReceiver"
114-->[com.google.android.gms:play-services-cast-framework:18.1.0] AndroidManifest.xml:11:13-91
115            android:exported="false" />
115-->[com.google.android.gms:play-services-cast-framework:18.1.0] AndroidManifest.xml:12:13-37
116
117        <service
117-->[com.google.android.gms:play-services-cast-framework:18.1.0] AndroidManifest.xml:14:9-16:40
118            android:name="com.google.android.gms.cast.framework.media.MediaNotificationService"
118-->[com.google.android.gms:play-services-cast-framework:18.1.0] AndroidManifest.xml:15:13-96
119            android:exported="false" />
119-->[com.google.android.gms:play-services-cast-framework:18.1.0] AndroidManifest.xml:16:13-37
120        <service
120-->[com.google.android.gms:play-services-cast-framework:18.1.0] AndroidManifest.xml:17:9-19:40
121            android:name="com.google.android.gms.cast.framework.ReconnectionService"
121-->[com.google.android.gms:play-services-cast-framework:18.1.0] AndroidManifest.xml:18:13-85
122            android:exported="false" />
122-->[com.google.android.gms:play-services-cast-framework:18.1.0] AndroidManifest.xml:19:13-37
123
124        <activity
124-->[com.google.android.gms:play-services-auth:18.1.0] AndroidManifest.xml:23:9-27:75
125            android:name="com.google.android.gms.auth.api.signin.internal.SignInHubActivity"
125-->[com.google.android.gms:play-services-auth:18.1.0] AndroidManifest.xml:24:13-93
126            android:excludeFromRecents="true"
126-->[com.google.android.gms:play-services-auth:18.1.0] AndroidManifest.xml:25:13-46
127            android:exported="false"
127-->[com.google.android.gms:play-services-auth:18.1.0] AndroidManifest.xml:26:13-37
128            android:theme="@android:style/Theme.Translucent.NoTitleBar" />
128-->[com.google.android.gms:play-services-auth:18.1.0] AndroidManifest.xml:27:13-72
129        <!--
130            Service handling Google Sign-In user revocation. For apps that do not integrate with
131            Google Sign-In, this service will never be started.
132        -->
133        <service
133-->[com.google.android.gms:play-services-auth:18.1.0] AndroidManifest.xml:33:9-37:51
134            android:name="com.google.android.gms.auth.api.signin.RevocationBoundService"
134-->[com.google.android.gms:play-services-auth:18.1.0] AndroidManifest.xml:34:13-89
135            android:exported="true"
135-->[com.google.android.gms:play-services-auth:18.1.0] AndroidManifest.xml:35:13-36
136            android:permission="com.google.android.gms.auth.api.signin.permission.REVOCATION_NOTIFICATION"
136-->[com.google.android.gms:play-services-auth:18.1.0] AndroidManifest.xml:36:13-107
137            android:visibleToInstantApps="true" />
137-->[com.google.android.gms:play-services-auth:18.1.0] AndroidManifest.xml:37:13-48
138
139        <activity
139-->[com.google.android.gms:play-services-base:17.1.0] AndroidManifest.xml:23:9-26:75
140            android:name="com.google.android.gms.common.api.GoogleApiActivity"
140-->[com.google.android.gms:play-services-base:17.1.0] AndroidManifest.xml:24:13-79
141            android:exported="false"
141-->[com.google.android.gms:play-services-base:17.1.0] AndroidManifest.xml:25:13-37
142            android:theme="@android:style/Theme.Translucent.NoTitleBar" />
142-->[com.google.android.gms:play-services-base:17.1.0] AndroidManifest.xml:26:13-72
143
144        <meta-data
144-->[com.google.android.gms:play-services-basement:17.1.1] AndroidManifest.xml:23:9-25:69
145            android:name="com.google.android.gms.version"
145-->[com.google.android.gms:play-services-basement:17.1.1] AndroidManifest.xml:24:13-58
146            android:value="@integer/google_play_services_version" />
146-->[com.google.android.gms:play-services-basement:17.1.1] AndroidManifest.xml:25:13-66
147
148        <provider
148-->[androidx.lifecycle:lifecycle-process:2.2.0] AndroidManifest.xml:25:9-29:43
149            android:name="androidx.lifecycle.ProcessLifecycleOwnerInitializer"
149-->[androidx.lifecycle:lifecycle-process:2.2.0] AndroidManifest.xml:26:13-79
150            android:authorities="com.example.android.uamp.next.lifecycle-process"
150-->[androidx.lifecycle:lifecycle-process:2.2.0] AndroidManifest.xml:27:13-69
151            android:exported="false"
151-->[androidx.lifecycle:lifecycle-process:2.2.0] AndroidManifest.xml:28:13-37
152            android:multiprocess="true" />
152-->[androidx.lifecycle:lifecycle-process:2.2.0] AndroidManifest.xml:29:13-40
153
154        <service
154-->[com.google.android.datatransport:transport-backend-cct:2.1.0] AndroidManifest.xml:29:9-35:19
155            android:name="com.google.android.datatransport.runtime.backends.TransportBackendDiscovery"
155-->[com.google.android.datatransport:transport-backend-cct:2.1.0] AndroidManifest.xml:30:13-103
156            android:exported="false" >
156-->[com.google.android.datatransport:transport-backend-cct:2.1.0] AndroidManifest.xml:31:13-37
157            <meta-data
157-->[com.google.android.datatransport:transport-backend-cct:2.1.0] AndroidManifest.xml:32:13-34:39
158                android:name="backend:com.google.android.datatransport.cct.CctBackendFactory"
158-->[com.google.android.datatransport:transport-backend-cct:2.1.0] AndroidManifest.xml:33:17-94
159                android:value="cct" />
159-->[com.google.android.datatransport:transport-backend-cct:2.1.0] AndroidManifest.xml:34:17-36
160        </service>
161        <service
161-->[com.google.android.datatransport:transport-runtime:2.1.0] AndroidManifest.xml:26:9-30:19
162            android:name="com.google.android.datatransport.runtime.scheduling.jobscheduling.JobInfoSchedulerService"
162-->[com.google.android.datatransport:transport-runtime:2.1.0] AndroidManifest.xml:27:13-117
163            android:exported="false"
163-->[com.google.android.datatransport:transport-runtime:2.1.0] AndroidManifest.xml:28:13-37
164            android:permission="android.permission.BIND_JOB_SERVICE" >
164-->[com.google.android.datatransport:transport-runtime:2.1.0] AndroidManifest.xml:29:13-69
165        </service>
166
167        <receiver
167-->[com.google.android.datatransport:transport-runtime:2.1.0] AndroidManifest.xml:32:9-34:40
168            android:name="com.google.android.datatransport.runtime.scheduling.jobscheduling.AlarmManagerSchedulerBroadcastReceiver"
168-->[com.google.android.datatransport:transport-runtime:2.1.0] AndroidManifest.xml:33:13-132
169            android:exported="false" />
169-->[com.google.android.datatransport:transport-runtime:2.1.0] AndroidManifest.xml:34:13-37
170    </application>
171
172</manifest>